<?xml version="1.0" encoding="UTF-8"?>
<!-- Generated by org.testng.reporters.JUnitXMLReporter -->
<testsuite ignored="0" hostname="Abhilashs-MacBook-Pro.local" failures="0" tests="1" name="/Users/abhilashsingh/IdeaProjects/weatherComparisonTest/src/test/java/tests/CompareweatherParameters.java" time="0.007" errors="0" timestamp="2021-08-19T23:47:41 IST">
  <testcase classname="tests.CompareweatherParameters" name="compare" time="0.001"/>
</testsuite> <!-- /Users/abhilashsingh/IdeaProjects/weatherComparisonTest/src/test/java/tests/CompareweatherParameters.java -->
