<?xml version="1.0" encoding="UTF-8"?>
<testng-results ignored="0" total="3" passed="2" failed="1" skipped="0">
  <reporter-output>
  </reporter-output>
  <suite started-at="2021-08-19T23:53:55 IST" name="api test suite" finished-at="2021-08-19T23:54:01 IST" duration-ms="5926">
    <groups>
    </groups>
    <test started-at="2021-08-19T23:53:55 IST" name="/Users/abhilashsingh/IdeaProjects/weatherComparisonTest/src/test/java/tests/OpenweatherAPIPageTest.java" finished-at="2021-08-19T23:54:01 IST" duration-ms="5926">
      <class name="tests.OpenweatherAPIPageTest">
        <test-method signature="checkStatusCode()[pri:0, instance:tests.OpenweatherAPIPageTest@55183b20]" started-at="2021-08-19T23:53:55 IST" name="checkStatusCode" finished-at="2021-08-19T23:54:01 IST" duration-ms="5921" status="PASS">
          <reporter-output>
          </reporter-output>
        </test-method> <!-- checkStatusCode -->
        <test-method is-config="true" signature="tearDown()[pri:0, instance:tests.OpenweatherAPIPageTest@55183b20]" started-at="2021-08-19T23:54:01 IST" name="tearDown" finished-at="2021-08-19T23:54:01 IST" duration-ms="1" status="PASS">
          <reporter-output>
          </reporter-output>
        </test-method> <!-- tearDown -->
      </class> <!-- tests.OpenweatherAPIPageTest -->
    </test> <!-- /Users/abhilashsingh/IdeaProjects/weatherComparisonTest/src/test/java/tests/OpenweatherAPIPageTest.java -->
  </suite> <!-- api test suite -->
  <suite started-at="2021-08-19T23:53:11 IST" name="ui test suite" finished-at="2021-08-19T23:53:50 IST" duration-ms="39038">
    <groups>
    </groups>
    <test started-at="2021-08-19T23:53:11 IST" name="/Users/abhilashsingh/IdeaProjects/weatherComparisonTest/src/test/java/tests/AccuweatherPageTest.java" finished-at="2021-08-19T23:53:50 IST" duration-ms="39038">
      <class name="tests.AccuweatherPageTest">
        <test-method is-config="true" signature="PageInitialisation()[pri:0, instance:tests.AccuweatherPageTest@72057ecf]" started-at="2021-08-19T23:53:11 IST" name="PageInitialisation" finished-at="2021-08-19T23:53:24 IST" duration-ms="12485" status="PASS">
          <reporter-output>
          </reporter-output>
        </test-method> <!-- PageInitialisation -->
        <test-method signature="fetchAccuweatherData()[pri:0, instance:tests.AccuweatherPageTest@72057ecf]" started-at="2021-08-19T23:53:24 IST" name="fetchAccuweatherData" finished-at="2021-08-19T23:53:50 IST" duration-ms="26395" status="FAIL">
          <exception class="org.openqa.selenium.NoSuchElementException">
            <message>
              <![CDATA[no such element: Unable to locate element: {"method":"css selector","selector":".cur-con-weather-card__body .temp"}
  (Session info: chrome=92.0.4515.159)
For documentation on this error, please visit: https://www.seleniumhq.org/exceptions/no_such_element.html
Build info: version: '3.141.59', revision: 'e82be7d358', time: '2018-11-14T08:17:03'
System info: host: 'Abhilashs-MacBook-Pro.local', ip: 'fe80:0:0:0:4fa:5cdc:b3d2:7397%en0', os.name: 'Mac OS X', os.arch: 'x86_64', os.version: '10.16', java.version: '11.0.11'
Driver info: org.openqa.selenium.chrome.ChromeDriver
Capabilities {acceptInsecureCerts: false, browserName: chrome, browserVersion: 92.0.4515.159, chrome: {chromedriverVersion: 92.0.4515.107 (87a818b10553..., userDataDir: /var/folders/3x/p7jm3gy131l...}, goog:chromeOptions: {debuggerAddress: localhost:55507}, javascriptEnabled: true, networkConnectionEnabled: false, pageLoadStrategy: normal, platform: MAC, platformName: MAC, proxy: Proxy(), setWindowRect: true, strictFileInteractability: false, timeouts: {implicit: 0, pageLoad: 300000, script: 30000}, unhandledPromptBehavior: dismiss and notify, webauthn:extension:credBlob: true, webauthn:extension:largeBlob: true, webauthn:virtualAuthenticators: true}
Session ID: f24ce294ff8cf2f8f5a2ac8828925376
*** Element info: {Using=css selector, value=.cur-con-weather-card__body .temp}]]>
            </message>
            <full-stacktrace>
              <![CDATA[org.openqa.selenium.NoSuchElementException: no such element: Unable to locate element: {"method":"css selector","selector":".cur-con-weather-card__body .temp"}
  (Session info: chrome=92.0.4515.159)
For documentation on this error, please visit: https://www.seleniumhq.org/exceptions/no_such_element.html
Build info: version: '3.141.59', revision: 'e82be7d358', time: '2018-11-14T08:17:03'
System info: host: 'Abhilashs-MacBook-Pro.local', ip: 'fe80:0:0:0:4fa:5cdc:b3d2:7397%en0', os.name: 'Mac OS X', os.arch: 'x86_64', os.version: '10.16', java.version: '11.0.11'
Driver info: org.openqa.selenium.chrome.ChromeDriver
Capabilities {acceptInsecureCerts: false, browserName: chrome, browserVersion: 92.0.4515.159, chrome: {chromedriverVersion: 92.0.4515.107 (87a818b10553..., userDataDir: /var/folders/3x/p7jm3gy131l...}, goog:chromeOptions: {debuggerAddress: localhost:55507}, javascriptEnabled: true, networkConnectionEnabled: false, pageLoadStrategy: normal, platform: MAC, platformName: MAC, proxy: Proxy(), setWindowRect: true, strictFileInteractability: false, timeouts: {implicit: 0, pageLoad: 300000, script: 30000}, unhandledPromptBehavior: dismiss and notify, webauthn:extension:credBlob: true, webauthn:extension:largeBlob: true, webauthn:virtualAuthenticators: true}
Session ID: f24ce294ff8cf2f8f5a2ac8828925376
*** Element info: {Using=css selector, value=.cur-con-weather-card__body .temp}
at java.base/jdk.internal.reflect.NativeConstructorAccessorImpl.newInstance0(Native Method)
at java.base/jdk.internal.reflect.NativeConstructorAccessorImpl.newInstance(NativeConstructorAccessorImpl.java:62)
at java.base/jdk.internal.reflect.DelegatingConstructorAccessorImpl.newInstance(DelegatingConstructorAccessorImpl.java:45)
at java.base/java.lang.reflect.Constructor.newInstance(Constructor.java:490)
at org.openqa.selenium.remote.http.W3CHttpResponseCodec.createException(W3CHttpResponseCodec.java:187)
at org.openqa.selenium.remote.http.W3CHttpResponseCodec.decode(W3CHttpResponseCodec.java:122)
at org.openqa.selenium.remote.http.W3CHttpResponseCodec.decode(W3CHttpResponseCodec.java:49)
at org.openqa.selenium.remote.HttpCommandExecutor.execute(HttpCommandExecutor.java:158)
at org.openqa.selenium.remote.service.DriverCommandExecutor.execute(DriverCommandExecutor.java:83)
at org.openqa.selenium.remote.RemoteWebDriver.execute(RemoteWebDriver.java:552)
at org.openqa.selenium.remote.RemoteWebDriver.findElement(RemoteWebDriver.java:323)
at org.openqa.selenium.remote.RemoteWebDriver.findElementByCssSelector(RemoteWebDriver.java:420)
at org.openqa.selenium.By$ByCssSelector.findElement(By.java:431)
at org.openqa.selenium.remote.RemoteWebDriver.findElement(RemoteWebDriver.java:315)
at org.openqa.selenium.support.pagefactory.DefaultElementLocator.findElement(DefaultElementLocator.java:69)
at org.openqa.selenium.support.pagefactory.internal.LocatingElementHandler.invoke(LocatingElementHandler.java:38)
at com.sun.proxy.$Proxy9.getText(Unknown Source)
at com.accuweather.pages.InformationPage.getTemperatureDetails(InformationPage.java:35)
at tests.AccuweatherPageTest.fetchAccuweatherData(AccuweatherPageTest.java:44)
at java.base/jdk.internal.reflect.NativeMethodAccessorImpl.invoke0(Native Method)
at java.base/jdk.internal.reflect.NativeMethodAccessorImpl.invoke(NativeMethodAccessorImpl.java:62)
at java.base/jdk.internal.reflect.DelegatingMethodAccessorImpl.invoke(DelegatingMethodAccessorImpl.java:43)
at java.base/java.lang.reflect.Method.invoke(Method.java:566)
at org.testng.internal.MethodInvocationHelper.invokeMethod(MethodInvocationHelper.java:133)
at org.testng.internal.TestInvoker.invokeMethod(TestInvoker.java:598)
at org.testng.internal.TestInvoker.invokeTestMethod(TestInvoker.java:173)
at org.testng.internal.MethodRunner.runInSequence(MethodRunner.java:46)
at org.testng.internal.TestInvoker$MethodInvocationAgent.invoke(TestInvoker.java:824)
at org.testng.internal.TestInvoker.invokeTestMethods(TestInvoker.java:146)
at org.testng.internal.TestMethodWorker.invokeTestMethods(TestMethodWorker.java:146)
at org.testng.internal.TestMethodWorker.run(TestMethodWorker.java:128)
at java.base/java.util.ArrayList.forEach(ArrayList.java:1541)
at org.testng.TestRunner.privateRun(TestRunner.java:794)
at org.testng.TestRunner.run(TestRunner.java:596)
at org.testng.SuiteRunner.runTest(SuiteRunner.java:377)
at org.testng.SuiteRunner.runSequentially(SuiteRunner.java:371)
at org.testng.SuiteRunner.privateRun(SuiteRunner.java:332)
at org.testng.SuiteRunner.run(SuiteRunner.java:276)
at org.testng.SuiteRunnerWorker.runSuite(SuiteRunnerWorker.java:53)
at org.testng.SuiteRunnerWorker.run(SuiteRunnerWorker.java:96)
at org.testng.TestNG.runSuitesSequentially(TestNG.java:1212)
at org.testng.TestNG.runSuitesLocally(TestNG.java:1134)
at org.testng.TestNG.runSuites(TestNG.java:1063)
at org.testng.TestNG.run(TestNG.java:1031)
at tests.TestNGRunner.main(TestNGRunner.java:17)
]]>
            </full-stacktrace>
          </exception> <!-- org.openqa.selenium.NoSuchElementException -->
          <reporter-output>
          </reporter-output>
        </test-method> <!-- fetchAccuweatherData -->
        <test-method is-config="true" signature="tearDown()[pri:0, instance:tests.AccuweatherPageTest@72057ecf]" started-at="2021-08-19T23:53:50 IST" name="tearDown" finished-at="2021-08-19T23:53:50 IST" duration-ms="99" status="PASS">
          <reporter-output>
          </reporter-output>
        </test-method> <!-- tearDown -->
      </class> <!-- tests.AccuweatherPageTest -->
    </test> <!-- /Users/abhilashsingh/IdeaProjects/weatherComparisonTest/src/test/java/tests/AccuweatherPageTest.java -->
  </suite> <!-- ui test suite -->
  <suite started-at="2021-08-19T23:54:06 IST" name="All Test Suite" finished-at="2021-08-19T23:54:06 IST" duration-ms="6">
    <groups>
    </groups>
    <test started-at="2021-08-19T23:54:06 IST" name="/Users/abhilashsingh/IdeaProjects/weatherComparisonTest/src/test/java/tests/CompareweatherParameters.java" finished-at="2021-08-19T23:54:06 IST" duration-ms="6">
      <class name="tests.CompareweatherParameters">
        <test-method signature="compare()[pri:0, instance:tests.CompareweatherParameters@293a5bf6]" started-at="2021-08-19T23:54:06 IST" name="compare" finished-at="2021-08-19T23:54:06 IST" duration-ms="0" status="PASS">
          <reporter-output>
          </reporter-output>
        </test-method> <!-- compare -->
      </class> <!-- tests.CompareweatherParameters -->
    </test> <!-- /Users/abhilashsingh/IdeaProjects/weatherComparisonTest/src/test/java/tests/CompareweatherParameters.java -->
  </suite> <!-- All Test Suite -->
</testng-results>
